[0.076s] Invoking command in '/mnt/c/Users/17863/Downloads/catkin_ws_resilience/build/vehicle_controller': CMAKE_PREFIX_PATH=/opt/ros/humble /usr/bin/cmake /mnt/c/Users/17863/Downloads/catkin_ws_resilience/vehicle_controller -DCMAKE_INSTALL_PREFIX=/mnt/c/Users/17863/Downloads/catkin_ws_resilience/install/vehicle_controller
[0.139s] -- Found ament_cmake: 1.3.11 (/opt/ros/humble/share/ament_cmake/cmake)
[0.291s] -- Found rclcpp: 16.0.11 (/opt/ros/humble/share/rclcpp/cmake)
[0.435s] -- Found rosidl_generator_c: 3.1.6 (/opt/ros/humble/share/rosidl_generator_c/cmake)
[0.437s] -- Found rosidl_adapter: 3.1.6 (/opt/ros/humble/share/rosidl_adapter/cmake)
[0.442s] -- Found rosidl_generator_cpp: 3.1.6 (/opt/ros/humble/share/rosidl_generator_cpp/cmake)
[0.452s] -- Using all available rosidl_typesupport_c: rosidl_typesupport_fastrtps_c;rosidl_typesupport_introspection_c
[0.465s] -- Using all available rosidl_typesupport_cpp: rosidl_typesupport_fastrtps_cpp;rosidl_typesupport_introspection_cpp
[0.494s] -- Found rmw_implementation_cmake: 6.1.2 (/opt/ros/humble/share/rmw_implementation_cmake/cmake)
[0.498s] -- Found rmw_fastrtps_cpp: 6.2.7 (/opt/ros/humble/share/rmw_fastrtps_cpp/cmake)
[5.876s] -- Using RMW implementation 'rmw_fastrtps_cpp' as default
[5.918s] -- Found geometry_msgs: 4.2.4 (/opt/ros/humble/share/geometry_msgs/cmake)
[5.930s] -- Found novatel_oem7_msgs: 20.6.0 (/opt/ros/humble/share/novatel_oem7_msgs/cmake)
[5.955s] -- Found ament_lint_auto: 0.12.11 (/opt/ros/humble/share/ament_lint_auto/cmake)
[6.669s] -- Added test 'cppcheck' to perform static code analysis on C / C++ code
[6.670s] -- Configured cppcheck include dirs: /mnt/c/Users/17863/Downloads/catkin_ws_resilience/vehicle_controller/include
[6.671s] -- Configured cppcheck exclude dirs and/or files: 
[6.721s] -- Added test 'flake8' to check Python code syntax and style conventions
[6.834s] -- Added test 'lint_cmake' to check CMake code style
[6.885s] -- Added test 'pep257' to check Python code against some of the docstring style conventions in PEP 257
[7.265s] -- Added test 'uncrustify' to check C / C++ code style
[7.266s] -- Configured uncrustify additional arguments: 
[7.316s] -- Added test 'xmllint' to check XML markup files
[7.433s] -- Configuring done
[7.809s] -- Generating done
[8.009s] -- Build files have been written to: /mnt/c/Users/17863/Downloads/catkin_ws_resilience/build/vehicle_controller
[8.016s] Invoked command in '/mnt/c/Users/17863/Downloads/catkin_ws_resilience/build/vehicle_controller' returned '0': CMAKE_PREFIX_PATH=/opt/ros/humble /usr/bin/cmake /mnt/c/Users/17863/Downloads/catkin_ws_resilience/vehicle_controller -DCMAKE_INSTALL_PREFIX=/mnt/c/Users/17863/Downloads/catkin_ws_resilience/install/vehicle_controller
[8.027s] Invoking command in '/mnt/c/Users/17863/Downloads/catkin_ws_resilience/build/vehicle_controller': CMAKE_PREFIX_PATH=/opt/ros/humble /usr/bin/cmake --build /mnt/c/Users/17863/Downloads/catkin_ws_resilience/build/vehicle_controller -- -j64 -l64
[8.223s] [ 25%] [32mBuilding CXX object CMakeFiles/vehicle_controller_node.dir/src/vehicle_node.cpp.o[0m
[8.227s] [ 50%] [32mBuilding CXX object CMakeFiles/vehicle_controller_node.dir/src/vehicle_controller.cpp.o[0m
[8.233s] [ 75%] [32mBuilding CXX object CMakeFiles/vehicle_controller_node.dir/src/signal_io.cpp.o[0m
[8.252s] [01m[K/mnt/c/Users/17863/Downloads/catkin_ws_resilience/vehicle_controller/src/vehicle_controller.cpp:2:10:[m[K [01;31m[Kfatal error: [m[Kvehicle_controller.hpp: No such file or directory
[8.254s]     2 | #include [01;31m[K"vehicle_controller.hpp"[m[K
[8.255s]       |          [01;31m[K^~~~~~~~~~~~~~~~~~~~~~~~[m[K
[8.256s] compilation terminated.
[8.257s] gmake[2]: *** [CMakeFiles/vehicle_controller_node.dir/build.make:90: CMakeFiles/vehicle_controller_node.dir/src/vehicle_controller.cpp.o] Error 1
[8.259s] gmake[2]: *** Waiting for unfinished jobs....
[8.262s] [01m[K/mnt/c/Users/17863/Downloads/catkin_ws_resilience/vehicle_controller/src/signal_io.cpp:2:10:[m[K [01;31m[Kfatal error: [m[Ksignal_io.hpp: No such file or directory
[8.263s]     2 | #include [01;31m[K"signal_io.hpp"[m[K
[8.265s]       |          [01;31m[K^~~~~~~~~~~~~~~[m[K
[8.266s] compilation terminated.
[8.267s] gmake[2]: *** [CMakeFiles/vehicle_controller_node.dir/build.make:104: CMakeFiles/vehicle_controller_node.dir/src/signal_io.cpp.o] Error 1
[9.263s] [01m[K/mnt/c/Users/17863/Downloads/catkin_ws_resilience/vehicle_controller/src/vehicle_node.cpp:5:10:[m[K [01;31m[Kfatal error: [m[Kvehicle_controller.hpp: No such file or directory
[9.264s]     5 | #include [01;31m[K"vehicle_controller.hpp"[m[K
[9.265s]       |          [01;31m[K^~~~~~~~~~~~~~~~~~~~~~~~[m[K
[9.266s] compilation terminated.
[9.267s] gmake[2]: *** [CMakeFiles/vehicle_controller_node.dir/build.make:76: CMakeFiles/vehicle_controller_node.dir/src/vehicle_node.cpp.o] Error 1
[9.269s] gmake[1]: *** [CMakeFiles/Makefile2:137: CMakeFiles/vehicle_controller_node.dir/all] Error 2
[9.270s] gmake: *** [Makefile:146: all] Error 2
[9.272s] Invoked command in '/mnt/c/Users/17863/Downloads/catkin_ws_resilience/build/vehicle_controller' returned '2': CMAKE_PREFIX_PATH=/opt/ros/humble /usr/bin/cmake --build /mnt/c/Users/17863/Downloads/catkin_ws_resilience/build/vehicle_controller -- -j64 -l64
