[0.069s] Invoking command in '/mnt/c/Users/17863/Downloads/catkin_ws_resilience/build/vehicle_controller': CMAKE_PREFIX_PATH=/opt/ros/humble /usr/bin/cmake --build /mnt/c/Users/17863/Downloads/catkin_ws_resilience/build/vehicle_controller -- -j64 -l64
[0.261s] [ 50%] [32mBuilding CXX object CMakeFiles/vehicle_controller_node.dir/src/vehicle_node.cpp.o[0m
[0.262s] [ 75%] [32mBuilding CXX object CMakeFiles/vehicle_controller_node.dir/src/vehicle_controller.cpp.o[0m
[0.264s] [ 75%] [32mBuilding CXX object CMakeFiles/vehicle_controller_node.dir/src/signal_io.cpp.o[0m
[0.283s] [01m[K/mnt/c/Users/17863/Downloads/catkin_ws_resilience/vehicle_controller/src/vehicle_controller.cpp:2:10:[m[K [01;31m[Kfatal error: [m[Kvehicle_controller.hpp: No such file or directory
[0.285s]     2 | #include [01;31m[K"vehicle_controller.hpp"[m[K
[0.286s]       |          [01;31m[K^~~~~~~~~~~~~~~~~~~~~~~~[m[K
[0.287s] compilation terminated.
[0.288s] gmake[2]: *** [CMakeFiles/vehicle_controller_node.dir/build.make:90: CMakeFiles/vehicle_controller_node.dir/src/vehicle_controller.cpp.o] Error 1
[0.289s] gmake[2]: *** Waiting for unfinished jobs....
[0.298s] [01m[K/mnt/c/Users/17863/Downloads/catkin_ws_resilience/vehicle_controller/src/signal_io.cpp:2:10:[m[K [01;31m[Kfatal error: [m[Ksignal_io.hpp: No such file or directory
[0.299s]     2 | #include [01;31m[K"signal_io.hpp"[m[K
[0.300s]       |          [01;31m[K^~~~~~~~~~~~~~~[m[K
[0.301s] compilation terminated.
[0.302s] gmake[2]: *** [CMakeFiles/vehicle_controller_node.dir/build.make:104: CMakeFiles/vehicle_controller_node.dir/src/signal_io.cpp.o] Error 1
[1.290s] [01m[K/mnt/c/Users/17863/Downloads/catkin_ws_resilience/vehicle_controller/src/vehicle_node.cpp:5:10:[m[K [01;31m[Kfatal error: [m[Kvehicle_controller.hpp: No such file or directory
[1.291s]     5 | #include [01;31m[K"vehicle_controller.hpp"[m[K
[1.291s]       |          [01;31m[K^~~~~~~~~~~~~~~~~~~~~~~~[m[K
[1.293s] compilation terminated.
[1.293s] gmake[2]: *** [CMakeFiles/vehicle_controller_node.dir/build.make:76: CMakeFiles/vehicle_controller_node.dir/src/vehicle_node.cpp.o] Error 1
[1.295s] gmake[1]: *** [CMakeFiles/Makefile2:137: CMakeFiles/vehicle_controller_node.dir/all] Error 2
[1.296s] gmake: *** [Makefile:146: all] Error 2
[1.298s] Invoked command in '/mnt/c/Users/17863/Downloads/catkin_ws_resilience/build/vehicle_controller' returned '2': CMAKE_PREFIX_PATH=/opt/ros/humble /usr/bin/cmake --build /mnt/c/Users/17863/Downloads/catkin_ws_resilience/build/vehicle_controller -- -j64 -l64
